<?xml version="1.0" encoding="UTF-8"?>
<!-- Generated by org.testng.reporters.JUnitReportReporter -->
<testsuite hostname="BRPC014239" failures="0" tests="3" name="testClasses.TestNG_Annotation" time="0.008" errors="0" timestamp="2021-03-03T17:17:51 BRT" skipped="0">
  <testcase classname="testClasses.TestNG_Annotation" name="testMethod2" time="0.001"/>
  <system-out/>
  <testcase classname="testClasses.TestNG_Annotation" name="mrc" time="0.006"/>
  <system-out/>
  <testcase classname="testClasses.TestNG_Annotation" name="testMethod1" time="0.001"/>
  <system-out/>
</testsuite> <!-- testClasses.TestNG_Annotation -->
