<?xml version="1.0" encoding="UTF-8"?>
<!-- Generated by org.testng.reporters.JUnitReportReporter -->
<testsuite hostname="BRPC014239" failures="0" tests="3" name="regression.TestNG_TestClass1" time="0.009" errors="0" timestamp="2021-03-09T08:24:51 BRT" skipped="0">
  <testcase classname="regression.TestNG_TestClass1" name="testMethod2" time="0.002"/>
  <system-out/>
  <testcase classname="regression.TestNG_TestClass1" name="testMethod1" time="0.005"/>
  <system-out/>
  <testcase classname="regression.TestNG_TestClass1" name="tmrc" time="0.002"/>
  <system-out/>
</testsuite> <!-- regression.TestNG_TestClass1 -->
