<?xml version="1.0" encoding="UTF-8"?>
<!-- Generated by org.testng.reporters.JUnitReportReporter -->
<testsuite hostname="BRPC014239" failures="0" tests="3" name="testClasses.TestNG_Parameters" time="0.006" errors="0" timestamp="2021-03-09T11:38:23 BRT" skipped="0">
  <testcase classname="testClasses.TestNG_Parameters" name="testMethod1" time="0.000"/>
  <system-out/>
  <testcase classname="testClasses.TestNG_Parameters" name="testMethod2" time="0.001"/>
  <system-out/>
  <testcase classname="testClasses.TestNG_Parameters" name="mrc" time="0.005"/>
  <system-out/>
</testsuite> <!-- testClasses.TestNG_Parameters -->
