<?xml version="1.0" encoding="UTF-8"?>
<!-- Generated by org.testng.reporters.JUnitReportReporter -->
<testsuite hostname="BRPC014239" failures="0" tests="3" name="testClasses.TestNG_TestPriority" time="0.010" errors="0" timestamp="2021-03-05T17:28:45 BRT" skipped="0">
  <testcase classname="testClasses.TestNG_TestPriority" name="mrc" time="0.004"/>
  <system-out/>
  <testcase classname="testClasses.TestNG_TestPriority" name="testMethod2" time="0.002"/>
  <system-out/>
  <testcase classname="testClasses.TestNG_TestPriority" name="testMethod1" time="0.004"/>
  <system-out/>
</testsuite> <!-- testClasses.TestNG_TestPriority -->
