<?xml version="1.0" encoding="UTF-8"?>
<!-- Generated by org.testng.reporters.JUnitReportReporter -->
<testsuite hostname="BRPC014239" failures="0" tests="5" name="testClasses.TestNG_DataProviders" time="0.015" errors="0" timestamp="2021-03-17T08:51:57 BRT" skipped="0">
  <testcase classname="testClasses.TestNG_DataProviders" name="testMethod3" time="0.001"/>
  <system-out/>
  <testcase classname="testClasses.TestNG_DataProviders" name="testMethod3" time="0.001"/>
  <system-out/>
  <testcase classname="testClasses.TestNG_DataProviders" name="testMethod3" time="0.009"/>
  <system-out/>
  <testcase classname="testClasses.TestNG_DataProviders" name="testMethod3" time="0.002"/>
  <system-out/>
  <testcase classname="testClasses.TestNG_DataProviders" name="testMethod3" time="0.002"/>
  <system-out/>
</testsuite> <!-- testClasses.TestNG_DataProviders -->
