<?xml version="1.0" encoding="UTF-8"?>
<!-- Generated by org.testng.reporters.JUnitReportReporter -->
<testsuite hostname="BRPC014239" failures="0" tests="4" name="testClasses.TestNG_Parallel1" time="0.010" errors="0" timestamp="2021-03-09T14:20:31 BRT" skipped="0">
  <testcase classname="testClasses.TestNG_Parallel1" name="testMethod1" time="0.008"/>
  <system-out/>
  <testcase classname="testClasses.TestNG_Parallel1" name="testMethod2" time="0.000"/>
  <system-out/>
  <testcase classname="testClasses.TestNG_Parallel1" name="testMethod4" time="0.001"/>
  <system-out/>
  <testcase classname="testClasses.TestNG_Parallel1" name="testMethod3" time="0.001"/>
  <system-out/>
</testsuite> <!-- testClasses.TestNG_Parallel1 -->
