<?xml version="1.0" encoding="UTF-8"?>
<!-- Generated by org.testng.reporters.JUnitReportReporter -->
<testsuite hostname="BRPC014239" failures="0" tests="1" name="testClasses.TestNG_BeforeMethod" time="0.009" errors="0" timestamp="2021-03-05T16:51:27 BRT" skipped="0">
  <testcase classname="testClasses.TestNG_BeforeMethod" name="testMethod3" time="0.009"/>
  <system-out/>
</testsuite> <!-- testClasses.TestNG_BeforeMethod -->
