<?xml version="1.0" encoding="UTF-8"?>
<!-- Generated by org.testng.reporters.JUnitReportReporter -->
<testsuite hostname="BRPC014239" failures="0" tests="3" name="testClasses.TestNG_DependentTests" time="0.009" errors="0" timestamp="2021-03-09T09:32:25 BRT" skipped="0">
  <testcase classname="testClasses.TestNG_DependentTests" name="testMethod1" time="0.001"/>
  <system-out/>
  <testcase classname="testClasses.TestNG_DependentTests" name="testMethod4" time="0.006"/>
  <system-out/>
  <testcase classname="testClasses.TestNG_DependentTests" name="testMethod2" time="0.002"/>
  <system-out/>
</testsuite> <!-- testClasses.TestNG_DependentTests -->
