<?xml version="1.0" encoding="UTF-8"?>
<!-- Generated by org.testng.reporters.JUnitReportReporter -->
<testsuite hostname="BRPC014239" failures="0" tests="3" name="testClasses.TestNG_Grouping" time="0.016" errors="0" timestamp="2021-03-09T09:08:38 BRT" skipped="0">
  <testcase classname="testClasses.TestNG_Grouping" name="tc003_login_cadastro_valido" time="0.012"/>
  <system-out/>
  <testcase classname="testClasses.TestNG_Grouping" name="tc004_login_cadastro_invalido" time="0.001"/>
  <system-out/>
  <testcase classname="testClasses.TestNG_Grouping" name="tc005_login_cadastro_duplicado" time="0.003"/>
  <system-out/>
</testsuite> <!-- testClasses.TestNG_Grouping -->
