<?xml version="1.0" encoding="UTF-8"?>
<!-- Generated by org.testng.reporters.JUnitReportReporter -->
<testsuite hostname="BRPC003155" failures="0" tests="4" name="basics.RA_POSTRequest" time="6.275" errors="0" timestamp="2021-02-03T09:39:40 BRT" skipped="0">
  <testcase classname="basics.RA_POSTRequest" name="POSTRequestPOJOClassWithExcel" time="0.549"/>
  <system-out/>
  <testcase classname="basics.RA_POSTRequest" name="POSTRequestPOJOClassWithExcel" time="0.520"/>
  <system-out/>
  <testcase classname="basics.RA_POSTRequest" name="POSTRequestPOJOClassWithExcel" time="4.652"/>
  <system-out/>
  <testcase classname="basics.RA_POSTRequest" name="POSTRequestPOJOClassWithExcel" time="0.554"/>
  <system-out/>
</testsuite> <!-- basics.RA_POSTRequest -->
