<?xml version="1.0" encoding="UTF-8"?>
<!-- Generated by org.testng.reporters.JUnitReportReporter -->
<testsuite hostname="BRPC014239" failures="0" tests="1" name="basics.RA_SpecBuilder" time="2.426" errors="0" timestamp="2022-11-16T14:15:23 BRT" skipped="0">
  <testcase classname="basics.RA_SpecBuilder" name="getResponseCode" time="2.426"/>
  <system-out/>
</testsuite> <!-- basics.RA_SpecBuilder -->
