<?xml version="1.0" encoding="UTF-8"?>
<!-- Generated by org.testng.reporters.JUnitReportReporter -->
<testsuite hostname="BRPC003155" failures="0" tests="1" name="basics.RA_Timout" time="4.088" errors="0" timestamp="2021-02-08T19:44:30 BRT" skipped="0">
  <testcase classname="basics.RA_Timout" name="validateResponseTime" time="4.088"/>
  <system-out/>
</testsuite> <!-- basics.RA_Timout -->
