<?xml version="1.0" encoding="UTF-8"?>
<!-- Generated by org.testng.reporters.JUnitReportReporter -->
<testsuite hostname="BRPC014239" failures="0" tests="2" name="basics.RA_BodyValidation" time="2.899" errors="0" timestamp="2021-03-01T09:00:47 BRT" skipped="0">
  <testcase classname="basics.RA_BodyValidation" name="validationBodyWithSoftAssert" time="0.697"/>
  <system-out/>
  <testcase classname="basics.RA_BodyValidation" name="validationBody" time="2.202"/>
  <system-out/>
</testsuite> <!-- basics.RA_BodyValidation -->
