<?xml version="1.0" encoding="UTF-8"?>
<!-- Generated by org.testng.reporters.JUnitReportReporter -->
<testsuite hostname="BRPC003155" failures="0" tests="1" name="basics.RA_StatusCode" time="4.926" errors="0" timestamp="2021-01-25T20:20:32 BRT" skipped="0">
  <testcase classname="basics.RA_StatusCode" name="getResponseCode" time="4.926"/>
  <system-out/>
</testsuite> <!-- basics.RA_StatusCode -->
