<?xml version="1.0" encoding="UTF-8"?>
<!-- Generated by org.testng.reporters.JUnitReportReporter -->
<testsuite hostname="BRPC003155" failures="0" tests="1" name="basics.RA_Desserialization" time="6.940" errors="0" timestamp="2021-02-08T18:53:29 BRT" skipped="0">
  <testcase classname="basics.RA_Desserialization" name="desPOJO" time="6.940"/>
  <system-out/>
</testsuite> <!-- basics.RA_Desserialization -->
