<?xml version="1.0" encoding="UTF-8"?>
<!-- Generated by org.testng.reporters.JUnitReportReporter -->
<testsuite hostname="BRPC003155" failures="0" tests="1" name="basics.RA_ResponseExtraction" time="4.148" errors="0" timestamp="2021-01-25T20:57:45 BRT" skipped="0">
  <testcase classname="basics.RA_ResponseExtraction" name="getResponseData" time="4.148"/>
  <system-out/>
</testsuite> <!-- basics.RA_ResponseExtraction -->
