<?xml version="1.0" encoding="UTF-8"?>
<!-- Generated by org.testng.reporters.JUnitReportReporter -->
<testsuite hostname="BRPC014239" failures="0" tests="1" name="basics.RA_SchemaValidation" time="3.035" errors="0" timestamp="2021-03-23T09:20:15 BRT" skipped="0">
  <testcase classname="basics.RA_SchemaValidation" name="validateSchema" time="3.035"/>
  <system-out/>
</testsuite> <!-- basics.RA_SchemaValidation -->
